<?xml version="1.0" encoding="UTF-8"?>
<!-- Generated by org.testng.reporters.JUnitReportReporter -->
<testsuite hostname="LAPTOP-DAPHEM15" failures="0" tests="4" name="happyFox_TestCases.Test_Scenario_1" time="41.828" errors="0" timestamp="2020-11-10T03:18:25 IST" skipped="0">
  <testcase classname="happyFox_TestCases.Test_Scenario_1" name="a_login" time="4.055"/>
  <system-out/>
  <testcase classname="happyFox_TestCases.Test_Scenario_1" name="b_creatingStatus" time="16.440"/>
  <system-out/>
  <testcase classname="happyFox_TestCases.Test_Scenario_1" name="a_login" time="5.044"/>
  <system-out/>
  <testcase classname="happyFox_TestCases.Test_Scenario_1" name="b_creatingStatus" time="16.289"/>
  <system-out/>
</testsuite> <!-- happyFox_TestCases.Test_Scenario_1 -->
