<?xml version="1.0" encoding="UTF-8"?>
<!-- Generated by org.testng.reporters.JUnitReportReporter -->
<testsuite hostname="LAPTOP-DAPHEM15" failures="0" tests="6" name="happyFox_TestCases.Test_Scenario_3" time="44.351" errors="0" timestamp="2020-11-10T03:18:25 IST" skipped="0">
  <testcase classname="happyFox_TestCases.Test_Scenario_3" name="a_login" time="4.038"/>
  <system-out/>
  <testcase classname="happyFox_TestCases.Test_Scenario_3" name="c_logout" time="0.158"/>
  <system-out/>
  <testcase classname="happyFox_TestCases.Test_Scenario_3" name="b_deleteStatus" time="17.548"/>
  <system-out/>
  <testcase classname="happyFox_TestCases.Test_Scenario_3" name="a_login" time="3.878"/>
  <system-out/>
  <testcase classname="happyFox_TestCases.Test_Scenario_3" name="c_logout" time="0.123"/>
  <system-out/>
  <testcase classname="happyFox_TestCases.Test_Scenario_3" name="b_deleteStatus" time="18.606"/>
  <system-out/>
</testsuite> <!-- happyFox_TestCases.Test_Scenario_3 -->
